<?xml version="1.0" encoding="UTF-8"?>
<!-- Generated by org.testng.reporters.JUnitReportReporter -->
<testsuite hostname="BINTERNS-QA34L" failures="0" tests="11" name="amazon.amazon_Test.NewTest" time="75.699" errors="0" timestamp="2023-05-02T10:53:49 IST" skipped="0">
  <testcase classname="amazon.amazon_Test.NewTest" name="summersale" time="9.473"/>
  <system-out/>
  <testcase classname="amazon.amazon_Test.NewTest" name="booktravel_element" time="7.210"/>
  <system-out/>
  <testcase classname="amazon.amazon_Test.NewTest" name="booktravel_element1" time="6.922"/>
  <system-out/>
  <testcase classname="amazon.amazon_Test.NewTest" name="booktravel_element2" time="6.981"/>
  <system-out/>
  <testcase classname="amazon.amazon_Test.NewTest" name="booktravel_element3" time="8.840"/>
  <system-out/>
  <testcase classname="amazon.amazon_Test.NewTest" name="booktravel_element4" time="5.737"/>
  <system-out/>
  <testcase classname="amazon.amazon_Test.NewTest" name="booktravel_element5" time="6.492"/>
  <system-out/>
  <testcase classname="amazon.amazon_Test.NewTest" name="booktravel_element6" time="7.108"/>
  <system-out/>
  <testcase classname="amazon.amazon_Test.NewTest" name="booktravel_element7" time="4.310"/>
  <system-out/>
  <testcase classname="amazon.amazon_Test.NewTest" name="booktravel_element8" time="4.707"/>
  <system-out/>
  <testcase classname="amazon.amazon_Test.NewTest" name="booktravel_element9" time="7.919"/>
  <system-out/>
</testsuite> <!-- amazon.amazon_Test.NewTest -->
