<?xml version="1.0" encoding="UTF-8"?>
<!-- Generated by org.testng.reporters.JUnitReportReporter -->
<testsuite hostname="BINTERNS-QA34L" failures="0" tests="6" name="amazon.amazon_Test.Signin" time="74.499" errors="0" timestamp="2023-05-04T14:13:09 IST" skipped="0">
  <testcase classname="amazon.amazon_Test.Signin" name="Signin1" time="25.845"/>
  <system-out/>
  <testcase classname="amazon.amazon_Test.Signin" name="deliver" time="1.458"/>
  <system-out/>
  <testcase classname="amazon.amazon_Test.Signin" name="Orders" time="9.719"/>
  <system-out/>
  <testcase classname="amazon.amazon_Test.Signin" name="Order1" time="10.610"/>
  <system-out/>
  <testcase classname="amazon.amazon_Test.Signin" name="Order2" time="21.246"/>
  <system-out/>
  <testcase classname="amazon.amazon_Test.Signin" name="Order3" time="5.621"/>
  <system-out/>
</testsuite> <!-- amazon.amazon_Test.Signin -->
