<?xml version="1.0" encoding="UTF-8"?>
<!-- Generated by org.testng.reporters.JUnitReportReporter -->
<testsuite hostname="BINTERNS-QA34L" failures="0" tests="32" name="amazon.amazon_Test.Testdata" time="73.522" errors="0" timestamp="2023-05-02T10:52:02 IST" skipped="0">
  <testcase classname="amazon.amazon_Test.Testdata" name="accesibility" time="0.030"/>
  <system-out/>
  <testcase classname="amazon.amazon_Test.Testdata" name="logovisiblity" time="0.109"/>
  <system-out/>
  <testcase classname="amazon.amazon_Test.Testdata" name="Iconlocationvisiblity" time="0.060"/>
  <system-out/>
  <testcase classname="amazon.amazon_Test.Testdata" name="Iconsearchbox" time="0.042"/>
  <system-out/>
  <testcase classname="amazon.amazon_Test.Testdata" name="Iconsignin" time="0.042"/>
  <system-out/>
  <testcase classname="amazon.amazon_Test.Testdata" name="Iconmenu" time="0.044"/>
  <system-out/>
  <testcase classname="amazon.amazon_Test.Testdata" name="Iconminitv" time="0.033"/>
  <system-out/>
  <testcase classname="amazon.amazon_Test.Testdata" name="Iconsell" time="0.047"/>
  <system-out/>
  <testcase classname="amazon.amazon_Test.Testdata" name="Iconbestsell" time="0.036"/>
  <system-out/>
  <testcase classname="amazon.amazon_Test.Testdata" name="Iconmobiles" time="0.034"/>
  <system-out/>
  <testcase classname="amazon.amazon_Test.Testdata" name="click" time="0.161"/>
  <system-out/>
  <testcase classname="amazon.amazon_Test.Testdata" name="Iconcart" time="3.893"/>
  <system-out/>
  <testcase classname="amazon.amazon_Test.Testdata" name="Iconmenu1" time="4.891"/>
  <system-out/>
  <testcase classname="amazon.amazon_Test.Testdata" name="Iconminitv1" time="8.436"/>
  <system-out/>
  <testcase classname="amazon.amazon_Test.Testdata" name="Iconsell1" time="9.739"/>
  <system-out/>
  <testcase classname="amazon.amazon_Test.Testdata" name="Iconmobiles1" time="10.075"/>
  <system-out/>
  <testcase classname="amazon.amazon_Test.Testdata" name="Click" time="0.143"/>
  <system-out/>
  <testcase classname="amazon.amazon_Test.Testdata" name="Clicksubmit" time="1.779"/>
  <system-out/>
  <testcase classname="amazon.amazon_Test.Testdata" name="Iphone" time="7.665"/>
  <system-out/>
  <testcase classname="amazon.amazon_Test.Testdata" name="cart" time="2.829"/>
  <system-out/>
  <testcase classname="amazon.amazon_Test.Testdata" name="returnorder" time="1.922"/>
  <system-out/>
  <testcase classname="amazon.amazon_Test.Testdata" name="down" time="0.431"/>
  <system-out/>
  <testcase classname="amazon.amazon_Test.Testdata" name="backtoup" time="0.510"/>
  <system-out/>
  <testcase classname="amazon.amazon_Test.Testdata" name="Iconsignin1" time="4.738"/>
  <system-out/>
  <testcase classname="amazon.amazon_Test.Testdata" name="Continue" time="4.129"/>
  <system-out/>
  <testcase classname="amazon.amazon_Test.Testdata" name="Email" time="0.508"/>
  <system-out/>
  <testcase classname="amazon.amazon_Test.Testdata" name="Continue1" time="1.092"/>
  <system-out/>
  <testcase classname="amazon.amazon_Test.Testdata" name="signinbutton" time="0.569"/>
  <system-out/>
  <testcase classname="amazon.amazon_Test.Testdata" name="password" time="1.098"/>
  <system-out/>
  <testcase classname="amazon.amazon_Test.Testdata" name="signinbutton1" time="1.752"/>
  <system-out/>
  <testcase classname="amazon.amazon_Test.Testdata" name="forgotpassword" time="1.561"/>
  <system-out/>
  <testcase classname="amazon.amazon_Test.Testdata" name="Continue2" time="5.124"/>
  <system-out/>
</testsuite> <!-- amazon.amazon_Test.Testdata -->
